RIJNDAEL: gcry_rijndael
RIJNDAEL192: gcry_rijndael
RIJNDAEL256: gcry_rijndael
AES128: gcry_rijndael
AES-128: gcry_rijndael
AES-192: gcry_rijndael
AES-256: gcry_rijndael
ADLER32: adler32
CRC64: crc64
ARCFOUR: gcry_arcfour
BLOWFISH: gcry_blowfish
CAMELLIA128: gcry_camellia
CAMELLIA192: gcry_camellia
CAMELLIA256: gcry_camellia
CAST5: gcry_cast5
CRC32: gcry_crc
CRC32RFC1510: gcry_crc
CRC24RFC2440: gcry_crc
DES: gcry_des
3DES: gcry_des
DSA: gcry_dsa
IDEA: gcry_idea
MD4: gcry_md4
MD5: gcry_md5
RFC2268_40: gcry_rfc2268
AES: gcry_rijndael
AES192: gcry_rijndael
AES256: gcry_rijndael
RIPEMD160: gcry_rmd160
RSA: gcry_rsa
SEED: gcry_seed
SERPENT128: gcry_serpent
SERPENT192: gcry_serpent
SERPENT256: gcry_serpent
SHA1: gcry_sha1
SHA224: gcry_sha256
SHA256: gcry_sha256
SHA512: gcry_sha512
SHA384: gcry_sha512
TIGER192: gcry_tiger
TIGER: gcry_tiger
TIGER2: gcry_tiger
TWOFISH: gcry_twofish
TWOFISH128: gcry_twofish
WHIRLPOOL: gcry_whirlpool
